<?xml version="1.0" encoding="UTF-8"?>
<!-- Generated by org.testng.reporters.JUnitXMLReporter -->
<testsuite ignored="0" hostname="SIVASURYAGANESAN" failures="0" tests="3" name="Surefire test" time="0.08" errors="0" timestamp="2026-01-14T11:49:29 IST">
  <testcase classname="practice.TestNGpractice" name="createUser" time="0.007"/>
  <testcase classname="practice.TestNGpractice" name="modifyUser" time="0.001"/>
  <testcase classname="practice.TestNGpractice" name="deleteUser" time="0.001"/>
</testsuite> <!-- Surefire test -->
