<?xml version="1.0" encoding="UTF-8"?>
<!-- Generated by org.testng.reporters.JUnitXMLReporter -->
<testsuite ignored="2" hostname="SIVASURYAGANESAN" failures="0" tests="3" name="Test" time="113.798" errors="0" timestamp="2026-01-14T11:56:27 IST">
  <testcase classname="testCaseRepo.TC_003" name="LE_003" time="27.046"/>
  <testcase classname="testCaseRepo.TC_003" name="hi" time="0.001"/>
  <testcase classname="testCaseRepo.TC_004" name="AA_001" time="35.89"/>
  <testcase classname="genericUtility.BaseClass" name="@BeforeSuite dbConnection" time="0.0">
    <ignored/>
  </testcase> <!-- @BeforeSuite dbConnection -->
  <testcase classname="genericUtility.BaseClass" name="@AfterSuite asConfic" time="0.0">
    <ignored/>
  </testcase> <!-- @AfterSuite asConfic -->
</testsuite> <!-- Test -->
