<?xml version="1.0" encoding="UTF-8"?>
<testsuite xmlns:xsi="http://www.w3.org/2001/XMLSchema-instance" xsi:noNamespaceSchemaLocation="https://maven.apache.org/surefire/maven-surefire-plugin/xsd/surefire-test-report-3.0.xsd" version="3.0" name="practice.TestNGpractice" time="1.019" tests="3" errors="0" skipped="0" failures="0">
  <properties>
[...]
</properties>
  <testcase name="createUser" classname="practice.TestNGpractice" time="0.01">
    <system-out><![CDATA[user created
]]></system-out>
    <system-err><![CDATA[SLF4J(W): No SLF4J providers were found.
SLF4J(W): Defaulting to no-operation (NOP) logger implementation
SLF4J(W): See https://www.slf4j.org/codes.html#noProviders for further details.
]]></system-err>
  </testcase>
  <testcase name="modifyUser" classname="practice.TestNGpractice" time="0.005">
    <system-out><![CDATA[user modified
]]></system-out>
  </testcase>
  <testcase name="deleteUser" classname="practice.TestNGpractice" time="0.003">
    <system-out><![CDATA[user Deleted
]]></system-out>
  </testcase>
</testsuite>