<?xml version="1.0" encoding="UTF-8"?>
<testng-results ignored="0" total="3" passed="3" failed="0" skipped="0">
  <reporter-output>
    <line>
      <![CDATA[ On start Executed]]>
    </line>
    <line>
      <![CDATA[LE_003 On Test Start Executed]]>
    </line>
    <line>
      <![CDATA[LE_003 On test Success Executed]]>
    </line>
    <line>
      <![CDATA[hi On Test Start Executed]]>
    </line>
    <line>
      <![CDATA[hi On test Success Executed]]>
    </line>
    <line>
      <![CDATA[AA_001 On Test Start Executed]]>
    </line>
    <line>
      <![CDATA[AA_001 On test Success Executed]]>
    </line>
  </reporter-output>
  <suite started-at="2026-01-14T11:54:33 IST" name="Suite" finished-at="2026-01-14T11:56:27 IST" duration-ms="113798">
    <groups>
      <group name="Regression">
        <method signature="TC_003.LE_003()[pri:0, instance:testCaseRepo.TC_003@36bc55de]" name="LE_003" class="testCaseRepo.TC_003"/>
      </group> <!-- Regression -->
      <group name="Smoke">
        <method signature="TC_004.AA_001()[pri:0, instance:testCaseRepo.TC_004@223d2c72]" name="AA_001" class="testCaseRepo.TC_004"/>
      </group> <!-- Smoke -->
    </groups>
    <test started-at="2026-01-14T11:54:33 IST" name="Test" finished-at="2026-01-14T11:56:27 IST" duration-ms="113798">
      <class name="testCaseRepo.TC_003">
        <test-method is-config="true" signature="dbConnection()[pri:0, instance:testCaseRepo.TC_003@36bc55de]" started-at="2026-01-14T11:54:33 IST" name="dbConnection" finished-at="2026-01-14T11:54:33 IST" duration-ms="20" status="PASS">
          <reporter-output>
          </reporter-output>
        </test-method> <!-- dbConnection -->
        <test-method is-config="true" signature="bcConfic(java.lang.String)[pri:0, instance:testCaseRepo.TC_003@36bc55de]" started-at="2026-01-14T11:54:33 IST" name="bcConfic" finished-at="2026-01-14T11:54:38 IST" duration-ms="4984" status="PASS">
          <params>
            <param index="0">
              <value>
                <![CDATA[chrome]]>
              </value>
            </param>
          </params>
          <reporter-output>
          </reporter-output>
        </test-method> <!-- bcConfic -->
        <test-method is-config="true" signature="bmConfic()[pri:0, instance:testCaseRepo.TC_003@36bc55de]" started-at="2026-01-14T11:54:38 IST" name="bmConfic" finished-at="2026-01-14T11:54:44 IST" duration-ms="5585" status="PASS">
          <reporter-output>
          </reporter-output>
        </test-method> <!-- bmConfic -->
        <test-method signature="LE_003()[pri:0, instance:testCaseRepo.TC_003@36bc55de]" started-at="2026-01-14T11:54:44 IST" name="LE_003" finished-at="2026-01-14T11:55:11 IST" duration-ms="27046" status="PASS">
          <reporter-output>
            <line>
              <![CDATA[LE_003 On Test Start Executed]]>
            </line>
            <line>
              <![CDATA[LE_003 On test Success Executed]]>
            </line>
          </reporter-output>
        </test-method> <!-- LE_003 -->
        <test-method is-config="true" signature="amConfic()[pri:0, instance:testCaseRepo.TC_003@36bc55de]" started-at="2026-01-14T11:55:11 IST" name="amConfic" finished-at="2026-01-14T11:55:14 IST" duration-ms="2959" status="PASS">
          <reporter-output>
          </reporter-output>
        </test-method> <!-- amConfic -->
        <test-method is-config="true" signature="bmConfic()[pri:0, instance:testCaseRepo.TC_003@36bc55de]" started-at="2026-01-14T11:55:14 IST" name="bmConfic" finished-at="2026-01-14T11:55:20 IST" duration-ms="5984" status="PASS">
          <reporter-output>
          </reporter-output>
        </test-method> <!-- bmConfic -->
        <test-method signature="hi()[pri:0, instance:testCaseRepo.TC_003@36bc55de]" started-at="2026-01-14T11:55:20 IST" name="hi" finished-at="2026-01-14T11:55:20 IST" duration-ms="1" status="PASS">
          <reporter-output>
            <line>
              <![CDATA[hi On Test Start Executed]]>
            </line>
            <line>
              <![CDATA[hi On test Success Executed]]>
            </line>
          </reporter-output>
        </test-method> <!-- hi -->
        <test-method is-config="true" signature="amConfic()[pri:0, instance:testCaseRepo.TC_003@36bc55de]" started-at="2026-01-14T11:55:20 IST" name="amConfic" finished-at="2026-01-14T11:55:30 IST" duration-ms="9747" status="PASS">
          <reporter-output>
          </reporter-output>
        </test-method> <!-- amConfic -->
        <test-method is-config="true" signature="acConfic()[pri:0, instance:testCaseRepo.TC_003@36bc55de]" started-at="2026-01-14T11:55:30 IST" name="acConfic" finished-at="2026-01-14T11:55:30 IST" duration-ms="628" status="PASS">
          <reporter-output>
          </reporter-output>
        </test-method> <!-- acConfic -->
        <test-method is-config="true" signature="asConfic()[pri:0, instance:testCaseRepo.TC_003@36bc55de]" started-at="2026-01-14T11:56:28 IST" name="asConfic" finished-at="2026-01-14T11:56:28 IST" duration-ms="1" status="PASS">
          <reporter-output>
          </reporter-output>
        </test-method> <!-- asConfic -->
      </class> <!-- testCaseRepo.TC_003 -->
      <class name="testCaseRepo.TC_004">
        <test-method is-config="true" signature="bcConfic(java.lang.String)[pri:0, instance:testCaseRepo.TC_004@223d2c72]" started-at="2026-01-14T11:55:30 IST" name="bcConfic" finished-at="2026-01-14T11:55:34 IST" duration-ms="3398" status="PASS">
          <params>
            <param index="0">
              <value>
                <![CDATA[chrome]]>
              </value>
            </param>
          </params>
          <reporter-output>
          </reporter-output>
        </test-method> <!-- bcConfic -->
        <test-method is-config="true" signature="bmConfic()[pri:0, instance:testCaseRepo.TC_004@223d2c72]" started-at="2026-01-14T11:55:34 IST" name="bmConfic" finished-at="2026-01-14T11:55:46 IST" duration-ms="11903" status="PASS">
          <reporter-output>
          </reporter-output>
        </test-method> <!-- bmConfic -->
        <test-method signature="AA_001()[pri:0, instance:testCaseRepo.TC_004@223d2c72]" started-at="2026-01-14T11:55:46 IST" name="AA_001" finished-at="2026-01-14T11:56:22 IST" duration-ms="35890" status="PASS">
          <reporter-output>
            <line>
              <![CDATA[AA_001 On Test Start Executed]]>
            </line>
            <line>
              <![CDATA[AA_001 On test Success Executed]]>
            </line>
          </reporter-output>
        </test-method> <!-- AA_001 -->
        <test-method is-config="true" signature="amConfic()[pri:0, instance:testCaseRepo.TC_004@223d2c72]" started-at="2026-01-14T11:56:22 IST" name="amConfic" finished-at="2026-01-14T11:56:26 IST" duration-ms="4015" status="PASS">
          <reporter-output>
          </reporter-output>
        </test-method> <!-- amConfic -->
        <test-method is-config="true" signature="acConfic()[pri:0, instance:testCaseRepo.TC_004@223d2c72]" started-at="2026-01-14T11:56:26 IST" name="acConfic" finished-at="2026-01-14T11:56:27 IST" duration-ms="1201" status="PASS">
          <reporter-output>
          </reporter-output>
        </test-method> <!-- acConfic -->
      </class> <!-- testCaseRepo.TC_004 -->
    </test> <!-- Test -->
  </suite> <!-- Suite -->
</testng-results>
