<?xml version="1.0" encoding="UTF-8"?>
<!-- Generated by org.testng.reporters.JUnitReportReporter -->
<testsuite hostname="SIVASURYAGANESAN" failures="0" tests="1" name="testCaseRepo.TC_003" time="68.418" errors="0" timestamp="2026-01-07T15:58:21 IST" skipped="0">
  <testcase classname="testCaseRepo.TC_003" name="LE_003" time="68.418">
    <system-out>
      <![CDATA[LE_003 On Test Start Executed
LE_003 On test Success Executed]]>
    </system-out>
  </testcase> <!-- LE_003 -->
  <system-out>
    <![CDATA[ On start Executed
LE_003 On Test Start Executed
LE_003 On test Success Executed
LE_002 On Test Start Executed
LE_002 On Test Failure executed
AA_006 On Test Start Executed
AA_006 On test Success Executed]]>
  </system-out>
</testsuite> <!-- testCaseRepo.TC_003 -->
