<?xml version="1.0" encoding="UTF-8"?>
<!-- Generated by org.testng.reporters.JUnitReportReporter -->
<testsuite hostname="SIVASURYAGANESAN" failures="0" tests="1" name="testCaseRepo.TC_004" time="51.808" errors="0" timestamp="2026-01-14T11:56:28 IST" skipped="0">
  <testcase classname="testCaseRepo.TC_004" name="AA_001" time="51.808">
    <system-out>
      <![CDATA[AA_001 On Test Start Executed
AA_001 On test Success Executed]]>
    </system-out>
  </testcase> <!-- AA_001 -->
  <system-out>
    <![CDATA[ On start Executed
LE_003 On Test Start Executed
LE_003 On test Success Executed
hi On Test Start Executed
hi On test Success Executed
AA_001 On Test Start Executed
AA_001 On test Success Executed]]>
  </system-out>
</testsuite> <!-- testCaseRepo.TC_004 -->
