<?xml version="1.0" encoding="UTF-8"?>
<!-- Generated by org.testng.reporters.JUnitReportReporter -->
<testsuite hostname="SIVASURYAGANESAN" failures="0" tests="2" name="testCaseRepo.TC_003" time="51.322" errors="0" timestamp="2026-01-14T11:56:28 IST" skipped="0">
  <testcase classname="testCaseRepo.TC_003" name="LE_003" time="42.378">
    <system-out>
      <![CDATA[LE_003 On Test Start Executed
LE_003 On test Success Executed]]>
    </system-out>
  </testcase> <!-- LE_003 -->
  <testcase classname="testCaseRepo.TC_003" name="hi" time="8.944">
    <system-out>
      <![CDATA[hi On Test Start Executed
hi On test Success Executed]]>
    </system-out>
  </testcase> <!-- hi -->
  <system-out>
    <![CDATA[ On start Executed
LE_003 On Test Start Executed
LE_003 On test Success Executed
hi On Test Start Executed
hi On test Success Executed
AA_001 On Test Start Executed
AA_001 On test Success Executed]]>
  </system-out>
</testsuite> <!-- testCaseRepo.TC_003 -->
